Using pre-set license
Built from '2020.3/staging' branch; Version is '2020.3.28f1 (f5400f52e03f) revision 16072719'; Using compiler version '192528614'; Build Type 'Release'
OS: 'Windows 10  (10.0.19044) 64bit CoreSingleLanguage' Language: 'ru' Physical Memory: 16146 MB
BatchMode: 1, IsHumanControllingUs: 0, StartBugReporterOnCrash: 0, Is64bit: 1, IsPro: 0

COMMAND LINE ARGUMENTS:
C:\Program Files\Unity\Hub\Editor\2020.3.28f1\Editor\Unity.exe
-adb2
-batchMode
-noUpm
-name
AssetImportWorker0
-projectPath
C:/Users/bi4ok/Unity_hw28
-logFile
Logs/AssetImportWorker0.log
-srvPort
58704
Successfully changed project path to: C:/Users/bi4ok/Unity_hw28
C:/Users/bi4ok/Unity_hw28
Using Asset Import Pipeline V2.
Refreshing native plugins compatible for Editor in 51.20 ms, found 2 plugins.
Preloading 0 native plugins for Editor in 0.00 ms.
Initialize engine version: 2020.3.28f1 (f5400f52e03f)
[Subsystems] Discovering subsystems at path C:/Program Files/Unity/Hub/Editor/2020.3.28f1/Editor/Data/Resources/UnitySubsystems
[Subsystems] Discovering subsystems at path C:/Users/bi4ok/Unity_hw28/Assets
GfxDevice: creating device client; threaded=0
Direct3D:
    Version:  Direct3D 11.0 [level 11.1]
    Renderer: NVIDIA GeForce RTX 3070 Laptop GPU (ID=0x24dd)
    Vendor:   
    VRAM:     8044 MB
    Driver:   30.0.14.7135
Shader 'Universal Render Pipeline/Particles/Lit': fallback shader 'Universal Render Pipeline/Particles/SimpleLit' not found
Initialize mono
Mono path[0] = 'C:/Program Files/Unity/Hub/Editor/2020.3.28f1/Editor/Data/Managed'
Mono path[1] = 'C:/Program Files/Unity/Hub/Editor/2020.3.28f1/Editor/Data/MonoBleedingEdge/lib/mono/unityjit'
Mono config path = 'C:/Program Files/Unity/Hub/Editor/2020.3.28f1/Editor/Data/MonoBleedingEdge/etc'
Using monoOptions --debugger-agent=transport=dt_socket,embedding=1,server=y,suspend=n,address=127.0.0.1:56776
Begin MonoManager ReloadAssembly
Registering precompiled unity dll's ...
Register platform support module: C:/Program Files/Unity/Hub/Editor/2020.3.28f1/Editor/Data/PlaybackEngines/WebGLSupport/UnityEditor.WebGL.Extensions.dll
Register platform support module: C:/Program Files/Unity/Hub/Editor/2020.3.28f1/Editor/Data/PlaybackEngines/WindowsStandaloneSupport/UnityEditor.WindowsStandalone.Extensions.dll
Registered in 0.002156 seconds.
Native extension for WindowsStandalone target not found
Native extension for WebGL target not found
Refreshing native plugins compatible for Editor in 49.28 ms, found 2 plugins.
Preloading 0 native plugins for Editor in 0.00 ms.
Mono: successfully reloaded assembly
- Completed reload, in  0.561 seconds
Domain Reload Profiling:
	ReloadAssembly (561ms)
		BeginReloadAssembly (59ms)
			ExecutionOrderSort (0ms)
			DisableScriptedObjects (0ms)
			BackupInstance (0ms)
			ReleaseScriptingObjects (0ms)
			CreateAndSetChildDomain (1ms)
		EndReloadAssembly (435ms)
			LoadAssemblies (57ms)
			RebuildTransferFunctionScriptingTraits (0ms)
			SetupTypeCache (141ms)
			ReleaseScriptCaches (0ms)
			RebuildScriptCaches (25ms)
			SetupLoadedEditorAssemblies (172ms)
				LogAssemblyErrors (0ms)
				InitializePlatformSupportModulesInManaged (5ms)
				SetLoadedEditorAssemblies (0ms)
				RefreshPlugins (49ms)
				BeforeProcessingInitializeOnLoad (16ms)
				ProcessInitializeOnLoadAttributes (75ms)
				ProcessInitializeOnLoadMethodAttributes (26ms)
				AfterProcessingInitializeOnLoad (0ms)
				EditorAssembliesLoaded (0ms)
			ExecutionOrderSort2 (0ms)
			AwakeInstancesAfterBackupRestoration (0ms)
Platform modules already initialized, skipping
Registering precompiled user dll's ...
Registered in 0.004033 seconds.
Begin MonoManager ReloadAssembly
Native extension for WindowsStandalone target not found
Native extension for WebGL target not found
Refreshing native plugins compatible for Editor in 46.69 ms, found 2 plugins.
Preloading 0 native plugins for Editor in 0.00 ms.
[ScriptCompilation] NOT recompiling all scripts because this is an import worker process. Reason to compile was: Define symbols changed
Mono: successfully reloaded assembly
- Completed reload, in  1.092 seconds
Domain Reload Profiling:
	ReloadAssembly (1093ms)
		BeginReloadAssembly (137ms)
			ExecutionOrderSort (0ms)
			DisableScriptedObjects (5ms)
			BackupInstance (0ms)
			ReleaseScriptingObjects (0ms)
			CreateAndSetChildDomain (17ms)
		EndReloadAssembly (900ms)
			LoadAssemblies (91ms)
			RebuildTransferFunctionScriptingTraits (0ms)
			SetupTypeCache (295ms)
			ReleaseScriptCaches (0ms)
			RebuildScriptCaches (52ms)
			SetupLoadedEditorAssemblies (353ms)
				LogAssemblyErrors (0ms)
				InitializePlatformSupportModulesInManaged (4ms)
				SetLoadedEditorAssemblies (1ms)
				RefreshPlugins (47ms)
				BeforeProcessingInitializeOnLoad (80ms)
				ProcessInitializeOnLoadAttributes (208ms)
				ProcessInitializeOnLoadMethodAttributes (7ms)
				AfterProcessingInitializeOnLoad (6ms)
				EditorAssembliesLoaded (0ms)
			ExecutionOrderSort2 (0ms)
			AwakeInstancesAfterBackupRestoration (6ms)
Platform modules already initialized, skipping
========================================================================
Worker process is ready to serve import requests
Shader 'Universal Render Pipeline/Particles/Lit': fallback shader 'Universal Render Pipeline/Particles/SimpleLit' not found
Launched and connected shader compiler UnityShaderCompiler.exe after 0.06 seconds
Refreshing native plugins compatible for Editor in 1.52 ms, found 2 plugins.
Preloading 0 native plugins for Editor in 0.00 ms.
Unloading 2729 Unused Serialized files (Serialized files now loaded: 0)
System memory in use before: 135.1 MB.
System memory in use after: 135.2 MB.

Unloading 21 unused Assets to reduce memory usage. Loaded Objects now: 3182.
Total: 4.491800 ms (FindLiveObjects: 0.382700 ms CreateObjectMapping: 0.251900 ms MarkObjects: 3.738300 ms  DeleteObjects: 0.117600 ms)

AssetImportParameters requested are different than current active one (requested -> active):
  custom:framework-win-MediaFoundation: 216162199b28c13a410421893ffa2e32 -> 
  custom:video-decoder-ogg-theora: a1e56fd34408186e4bbccfd4996cb3dc -> 
  custom:container-muxer-webm: aa71ff27fc2769a1b78a27578f13a17b -> 
  custom:container-demuxer-webm: 4f35f7cbe854078d1ac9338744f61a02 -> 
  custom:container-demuxer-ogg: 62fdf1f143b41e24485cea50d1cbac27 -> 
  custom:video-encoder-webm-vp8: eb34c28f22e8b96e1ab97ce403110664 -> 
  custom:video-codec-MediaFoundation-h265: 746d11721c4dcdbdad8f713fa42b33f4 -> 
  custom:video-decoder-webm-vp8: 9c59270c3fd7afecdb556c50c9e8de78 -> 
  custom:audio-decoder-ogg-vorbis: bf7c407c2cedff20999df2af8eb42d56 -> 
  custom:audio-encoder-webm-vorbis: bf7c407c2cedff20999df2af8eb42d56 -> 
========================================================================
Received Import Request.
  path: ProjectSettings/TagManager.asset
  artifactKey: Guid(00000000000000003000000000000000) Importer(815301076,1909f56bfc062723c751e8b465ee728b)
Start importing ProjectSettings/TagManager.asset using Guid(00000000000000003000000000000000) Importer(815301076,1909f56bfc062723c751e8b465ee728b)  -> (artifact id: 'ce6a35c3cddc746e7501c0bd0ed6d4ce') in 0.056291 seconds 
  Import took 0.061481 seconds .

========================================================================
Received Prepare
Registering precompiled user dll's ...
Registered in 0.004401 seconds.
Begin MonoManager ReloadAssembly
Native extension for WindowsStandalone target not found
Native extension for WebGL target not found
Refreshing native plugins compatible for Editor in 1.09 ms, found 2 plugins.
Preloading 0 native plugins for Editor in 0.00 ms.
Mono: successfully reloaded assembly
- Completed reload, in  1.031 seconds
Domain Reload Profiling:
	ReloadAssembly (1032ms)
		BeginReloadAssembly (130ms)
			ExecutionOrderSort (0ms)
			DisableScriptedObjects (5ms)
			BackupInstance (0ms)
			ReleaseScriptingObjects (0ms)
			CreateAndSetChildDomain (43ms)
		EndReloadAssembly (841ms)
			LoadAssemblies (104ms)
			RebuildTransferFunctionScriptingTraits (0ms)
			SetupTypeCache (302ms)
			ReleaseScriptCaches (1ms)
			RebuildScriptCaches (42ms)
			SetupLoadedEditorAssemblies (311ms)
				LogAssemblyErrors (0ms)
				InitializePlatformSupportModulesInManaged (6ms)
				SetLoadedEditorAssemblies (1ms)
				RefreshPlugins (1ms)
				BeforeProcessingInitializeOnLoad (92ms)
				ProcessInitializeOnLoadAttributes (198ms)
				ProcessInitializeOnLoadMethodAttributes (7ms)
				AfterProcessingInitializeOnLoad (6ms)
				EditorAssembliesLoaded (0ms)
			ExecutionOrderSort2 (0ms)
			AwakeInstancesAfterBackupRestoration (6ms)
Platform modules already initialized, skipping
Shader 'Universal Render Pipeline/Particles/Lit': fallback shader 'Universal Render Pipeline/Particles/SimpleLit' not found
Refreshing native plugins compatible for Editor in 0.54 ms, found 2 plugins.
Preloading 0 native plugins for Editor in 0.00 ms.
Unloading 2644 Unused Serialized files (Serialized files now loaded: 0)
System memory in use before: 127.1 MB.
System memory in use after: 127.3 MB.

Unloading 17 unused Assets to reduce memory usage. Loaded Objects now: 3184.
Total: 2.582100 ms (FindLiveObjects: 0.240100 ms CreateObjectMapping: 0.137400 ms MarkObjects: 2.184500 ms  DeleteObjects: 0.019500 ms)

AssetImportParameters requested are different than current active one (requested -> active):
  custom:framework-win-MediaFoundation: 216162199b28c13a410421893ffa2e32 -> 
  custom:video-decoder-ogg-theora: a1e56fd34408186e4bbccfd4996cb3dc -> 
  custom:container-muxer-webm: aa71ff27fc2769a1b78a27578f13a17b -> 
  custom:container-demuxer-webm: 4f35f7cbe854078d1ac9338744f61a02 -> 
  custom:container-demuxer-ogg: 62fdf1f143b41e24485cea50d1cbac27 -> 
  custom:video-encoder-webm-vp8: eb34c28f22e8b96e1ab97ce403110664 -> 
  custom:video-codec-MediaFoundation-h265: 746d11721c4dcdbdad8f713fa42b33f4 -> 
  custom:video-decoder-webm-vp8: 9c59270c3fd7afecdb556c50c9e8de78 -> 
  custom:audio-decoder-ogg-vorbis: bf7c407c2cedff20999df2af8eb42d56 -> 
  custom:audio-encoder-webm-vorbis: bf7c407c2cedff20999df2af8eb42d56 -> 
========================================================================
Received Import Request.
  Time since last request: 6577.266816 seconds.
  path: Assets/Standard Assets/Characters/ThirdPersonCharacter/Textures/EthanNormals.png
  artifactKey: Guid(3b5b7be0f2332c24f89a2af018daa62d) Importer(815301076,1909f56bfc062723c751e8b465ee728b)
Start importing Assets/Standard Assets/Characters/ThirdPersonCharacter/Textures/EthanNormals.png using Guid(3b5b7be0f2332c24f89a2af018daa62d) Importer(815301076,1909f56bfc062723c751e8b465ee728b)  -> (artifact id: 'a8c72d41a7deb0e01079c4850b7a1c52') in 0.160226 seconds 
  Import took 0.166163 seconds .

========================================================================
Received Import Request.
  Time since last request: 0.000265 seconds.
  path: Assets/Prefabs/Hovl Studio/Procedural fire/Textures/FireSphere1.png
  artifactKey: Guid(31679c4b857f0d140bd9566b86eb8674) Importer(815301076,1909f56bfc062723c751e8b465ee728b)
Start importing Assets/Prefabs/Hovl Studio/Procedural fire/Textures/FireSphere1.png using Guid(31679c4b857f0d140bd9566b86eb8674) Importer(815301076,1909f56bfc062723c751e8b465ee728b)  -> (artifact id: '1f9eb0c678f1ec38ea0faac31f0abbe7') in 0.015003 seconds 
  Import took 0.019207 seconds .

========================================================================
Received Import Request.
  Time since last request: 0.000186 seconds.
  path: Assets/Prefabs/Hovl Studio/Procedural fire/Textures/Smoke26.png
  artifactKey: Guid(08b3912bdc0a5ed4d9a27125425a97f4) Importer(815301076,1909f56bfc062723c751e8b465ee728b)
Start importing Assets/Prefabs/Hovl Studio/Procedural fire/Textures/Smoke26.png using Guid(08b3912bdc0a5ed4d9a27125425a97f4) Importer(815301076,1909f56bfc062723c751e8b465ee728b)  -> (artifact id: '4df99713bc94c9aab777256fd6f16deb') in 0.017856 seconds 
  Import took 0.021944 seconds .

========================================================================
Received Import Request.
  Time since last request: 0.000145 seconds.
  path: Assets/Prefabs/Hovl Studio/Procedural fire/Textures/FireSphere2.png
  artifactKey: Guid(a52c2b00382a3264cbea32cfc2c36b34) Importer(815301076,1909f56bfc062723c751e8b465ee728b)
Start importing Assets/Prefabs/Hovl Studio/Procedural fire/Textures/FireSphere2.png using Guid(a52c2b00382a3264cbea32cfc2c36b34) Importer(815301076,1909f56bfc062723c751e8b465ee728b)  -> (artifact id: 'ace754dc06058fa14435917b0d1395d2') in 0.010022 seconds 
  Import took 0.013974 seconds .

========================================================================
Received Import Request.
  Time since last request: 0.000136 seconds.
  path: Assets/Standard Assets/Characters/ThirdPersonCharacter/Textures/EthanOcclusion.png
  artifactKey: Guid(4e2f32e9a1fefc24092337ae061f3dbc) Importer(815301076,1909f56bfc062723c751e8b465ee728b)
Start importing Assets/Standard Assets/Characters/ThirdPersonCharacter/Textures/EthanOcclusion.png using Guid(4e2f32e9a1fefc24092337ae061f3dbc) Importer(815301076,1909f56bfc062723c751e8b465ee728b)  -> (artifact id: '100cc1eb9643efed14f90856a067757d') in 0.018404 seconds 
  Import took 0.022783 seconds .

========================================================================
Received Import Request.
  Time since last request: 51.112863 seconds.
  path: Assets/Prefabs/HandTorch/OldHandTorch/Icon/Torch.PNG
  artifactKey: Guid(f7b79d41f9021494ead8e68a08c09371) Importer(815301076,1909f56bfc062723c751e8b465ee728b)
Start importing Assets/Prefabs/HandTorch/OldHandTorch/Icon/Torch.PNG using Guid(f7b79d41f9021494ead8e68a08c09371) Importer(815301076,1909f56bfc062723c751e8b465ee728b)  -> (artifact id: '44b2ca15cc670e979927cb03f2ab2a34') in 0.066578 seconds 
  Import took 0.071535 seconds .

========================================================================
Received Import Request.
  Time since last request: 0.000196 seconds.
  path: Assets/Prefabs/Hovl Studio/Procedural fire/Textures/Trail67.png
  artifactKey: Guid(c4f655f5d01f55547a23a546b58afd04) Importer(815301076,1909f56bfc062723c751e8b465ee728b)
Start importing Assets/Prefabs/Hovl Studio/Procedural fire/Textures/Trail67.png using Guid(c4f655f5d01f55547a23a546b58afd04) Importer(815301076,1909f56bfc062723c751e8b465ee728b)  -> (artifact id: '9020c9cb02d21141f83802d9b6092f6b') in 0.017270 seconds 
  Import took 0.020893 seconds .

========================================================================
Received Prepare
Registering precompiled user dll's ...
Registered in 0.004790 seconds.
Begin MonoManager ReloadAssembly
Native extension for WindowsStandalone target not found
Native extension for WebGL target not found
Refreshing native plugins compatible for Editor in 0.62 ms, found 2 plugins.
Preloading 0 native plugins for Editor in 0.00 ms.
Mono: successfully reloaded assembly
- Completed reload, in  1.076 seconds
Domain Reload Profiling:
	ReloadAssembly (1077ms)
		BeginReloadAssembly (124ms)
			ExecutionOrderSort (0ms)
			DisableScriptedObjects (5ms)
			BackupInstance (0ms)
			ReleaseScriptingObjects (0ms)
			CreateAndSetChildDomain (39ms)
		EndReloadAssembly (887ms)
			LoadAssemblies (102ms)
			RebuildTransferFunctionScriptingTraits (0ms)
			SetupTypeCache (327ms)
			ReleaseScriptCaches (1ms)
			RebuildScriptCaches (46ms)
			SetupLoadedEditorAssemblies (322ms)
				LogAssemblyErrors (0ms)
				InitializePlatformSupportModulesInManaged (6ms)
				SetLoadedEditorAssemblies (1ms)
				RefreshPlugins (1ms)
				BeforeProcessingInitializeOnLoad (88ms)
				ProcessInitializeOnLoadAttributes (213ms)
				ProcessInitializeOnLoadMethodAttributes (7ms)
				AfterProcessingInitializeOnLoad (6ms)
				EditorAssembliesLoaded (0ms)
			ExecutionOrderSort2 (0ms)
			AwakeInstancesAfterBackupRestoration (6ms)
Platform modules already initialized, skipping
Shader 'Universal Render Pipeline/Particles/Lit': fallback shader 'Universal Render Pipeline/Particles/SimpleLit' not found
Refreshing native plugins compatible for Editor in 0.63 ms, found 2 plugins.
Preloading 0 native plugins for Editor in 0.00 ms.
Unloading 2644 Unused Serialized files (Serialized files now loaded: 0)
System memory in use before: 130.1 MB.
System memory in use after: 130.3 MB.

Unloading 16 unused Assets to reduce memory usage. Loaded Objects now: 3192.
Total: 3.042000 ms (FindLiveObjects: 0.255500 ms CreateObjectMapping: 0.156000 ms MarkObjects: 2.604800 ms  DeleteObjects: 0.025100 ms)

AssetImportParameters requested are different than current active one (requested -> active):
  custom:framework-win-MediaFoundation: 216162199b28c13a410421893ffa2e32 -> 
  custom:video-decoder-ogg-theora: a1e56fd34408186e4bbccfd4996cb3dc -> 
  custom:container-muxer-webm: aa71ff27fc2769a1b78a27578f13a17b -> 
  custom:container-demuxer-webm: 4f35f7cbe854078d1ac9338744f61a02 -> 
  custom:container-demuxer-ogg: 62fdf1f143b41e24485cea50d1cbac27 -> 
  custom:video-encoder-webm-vp8: eb34c28f22e8b96e1ab97ce403110664 -> 
  custom:video-codec-MediaFoundation-h265: 746d11721c4dcdbdad8f713fa42b33f4 -> 
  custom:video-decoder-webm-vp8: 9c59270c3fd7afecdb556c50c9e8de78 -> 
  custom:audio-decoder-ogg-vorbis: bf7c407c2cedff20999df2af8eb42d56 -> 
  custom:audio-encoder-webm-vorbis: bf7c407c2cedff20999df2af8eb42d56 -> 
========================================================================
Received Import Request.
  Time since last request: 2555.859951 seconds.
  path: Assets/Scenes/SampleScene_Profiles/PostProcessVolume 1 Profile 1.asset
  artifactKey: Guid(2d4ab0f42718de94194a23a4d105162e) Importer(815301076,1909f56bfc062723c751e8b465ee728b)
Start importing Assets/Scenes/SampleScene_Profiles/PostProcessVolume 1 Profile 1.asset using Guid(2d4ab0f42718de94194a23a4d105162e) Importer(815301076,1909f56bfc062723c751e8b465ee728b)  -> (artifact id: 'a967e137f4af0ddd2887ea325a19ffb6') in 0.056453 seconds 
  Import took 0.062291 seconds .

========================================================================
Received Import Request.
  Time since last request: 0.000188 seconds.
  path: Assets/Scenes/SampleScene_Profiles/PostProcessVolume 1 Profile.asset
  artifactKey: Guid(9a7bf729183c60a4781f9cd1cdfd67e3) Importer(815301076,1909f56bfc062723c751e8b465ee728b)
Start importing Assets/Scenes/SampleScene_Profiles/PostProcessVolume 1 Profile.asset using Guid(9a7bf729183c60a4781f9cd1cdfd67e3) Importer(815301076,1909f56bfc062723c751e8b465ee728b)  -> (artifact id: '4fb9f8ac2de691207907a4598606f881') in 0.007590 seconds 
  Import took 0.021766 seconds .

========================================================================
Received Import Request.
  Time since last request: 444.852929 seconds.
  path: Assets/Scenes/SampleScene_Profiles/PostProcessVolume 1 Profile 1.asset
  artifactKey: Guid(2d4ab0f42718de94194a23a4d105162e) Importer(815301076,1909f56bfc062723c751e8b465ee728b)
Start importing Assets/Scenes/SampleScene_Profiles/PostProcessVolume 1 Profile 1.asset using Guid(2d4ab0f42718de94194a23a4d105162e) Importer(815301076,1909f56bfc062723c751e8b465ee728b)  -> (artifact id: 'cd085c26a78e6222425c9896ec6bdc38') in 0.003593 seconds 
  Import took 0.009082 seconds .

========================================================================
Received Import Request.
  Time since last request: 0.000212 seconds.
  path: Assets/Scenes/SampleScene_Profiles/PostProcessVolume 1 Profile 2.asset
  artifactKey: Guid(c6d47f90fdd23a74788bb58d63e8fe2a) Importer(815301076,1909f56bfc062723c751e8b465ee728b)
Start importing Assets/Scenes/SampleScene_Profiles/PostProcessVolume 1 Profile 2.asset using Guid(c6d47f90fdd23a74788bb58d63e8fe2a) Importer(815301076,1909f56bfc062723c751e8b465ee728b)  -> (artifact id: '697f485d42fe4545a28a6b6c473e3886') in 0.008970 seconds 
  Import took 0.013163 seconds .

========================================================================
Received Import Request.
  Time since last request: 0.000180 seconds.
  path: Assets/Scenes/SampleScene_Profiles/PostProcessVolume 1 Profile.asset
  artifactKey: Guid(9a7bf729183c60a4781f9cd1cdfd67e3) Importer(815301076,1909f56bfc062723c751e8b465ee728b)
Start importing Assets/Scenes/SampleScene_Profiles/PostProcessVolume 1 Profile.asset using Guid(9a7bf729183c60a4781f9cd1cdfd67e3) Importer(815301076,1909f56bfc062723c751e8b465ee728b)  -> (artifact id: 'e0b23b82b49947d6601349258d5dddff') in 0.003983 seconds 
  Import took 0.007757 seconds .

========================================================================
Received Import Request.
  Time since last request: 60.170403 seconds.
  path: Assets/Scenes/SampleScene_Profiles/PostProcessVolume 1 (2) Profile.asset
  artifactKey: Guid(cf433affc3e5dcf4bacf556117ed5d06) Importer(815301076,1909f56bfc062723c751e8b465ee728b)
Start importing Assets/Scenes/SampleScene_Profiles/PostProcessVolume 1 (2) Profile.asset using Guid(cf433affc3e5dcf4bacf556117ed5d06) Importer(815301076,1909f56bfc062723c751e8b465ee728b)  -> (artifact id: 'aa788ea4e907221081889dcd42401948') in 0.005753 seconds 
  Import took 0.020563 seconds .

========================================================================
Received Import Request.
  Time since last request: 0.000213 seconds.
  path: Assets/Scenes/SampleScene_Profiles/PostProcessVolume 1 Profile.asset
  artifactKey: Guid(9a7bf729183c60a4781f9cd1cdfd67e3) Importer(815301076,1909f56bfc062723c751e8b465ee728b)
Start importing Assets/Scenes/SampleScene_Profiles/PostProcessVolume 1 Profile.asset using Guid(9a7bf729183c60a4781f9cd1cdfd67e3) Importer(815301076,1909f56bfc062723c751e8b465ee728b)  -> (artifact id: '008e8a0e4ffcf2521e1c2e6adb57c289') in 0.003818 seconds 
  Import took 0.008280 seconds .

========================================================================
Received Import Request.
  Time since last request: 144.779768 seconds.
  path: Assets/Scenes/SampleScene_Profiles/PostProcessVolume 1 Profile 1.asset
  artifactKey: Guid(2d4ab0f42718de94194a23a4d105162e) Importer(815301076,1909f56bfc062723c751e8b465ee728b)
Start importing Assets/Scenes/SampleScene_Profiles/PostProcessVolume 1 Profile 1.asset using Guid(2d4ab0f42718de94194a23a4d105162e) Importer(815301076,1909f56bfc062723c751e8b465ee728b)  -> (artifact id: '3c2c3aa0261b853780fb08c32fb699c2') in 0.003364 seconds 
  Import took 0.007515 seconds .

========================================================================
Received Import Request.
  Time since last request: 903.480666 seconds.
  path: Assets/Scenes/SampleScene_Profiles/PostProcessVolume 1 Profile 1.asset
  artifactKey: Guid(2d4ab0f42718de94194a23a4d105162e) Importer(815301076,1909f56bfc062723c751e8b465ee728b)
Start importing Assets/Scenes/SampleScene_Profiles/PostProcessVolume 1 Profile 1.asset using Guid(2d4ab0f42718de94194a23a4d105162e) Importer(815301076,1909f56bfc062723c751e8b465ee728b)  -> (artifact id: '24c7520af30285daf2e8fdd375328b77') in 0.003952 seconds 
  Import took 0.008734 seconds .

========================================================================
Received Import Request.
  Time since last request: 0.000351 seconds.
  path: Assets/Scenes/SampleScene_Profiles/PostProcessVolume 1 Profile.asset
  artifactKey: Guid(9a7bf729183c60a4781f9cd1cdfd67e3) Importer(815301076,1909f56bfc062723c751e8b465ee728b)
Start importing Assets/Scenes/SampleScene_Profiles/PostProcessVolume 1 Profile.asset using Guid(9a7bf729183c60a4781f9cd1cdfd67e3) Importer(815301076,1909f56bfc062723c751e8b465ee728b)  -> (artifact id: 'df5380b1eef5833d14a61bb247fcabfb') in 0.003393 seconds 
  Import took 0.007394 seconds .

========================================================================
Received Import Request.
  Time since last request: 13.627709 seconds.
  path: Assets/Scenes/SampleScene_Profiles/PostProcessVolume 1 Profile 2.asset
  artifactKey: Guid(c6d47f90fdd23a74788bb58d63e8fe2a) Importer(815301076,1909f56bfc062723c751e8b465ee728b)
Start importing Assets/Scenes/SampleScene_Profiles/PostProcessVolume 1 Profile 2.asset using Guid(c6d47f90fdd23a74788bb58d63e8fe2a) Importer(815301076,1909f56bfc062723c751e8b465ee728b)  -> (artifact id: '19ec7cd7edb2886303f034fc5a0c78a5') in 0.004789 seconds 
  Import took 0.009519 seconds .

========================================================================
Received Import Request.
  Time since last request: 0.000232 seconds.
  path: Assets/Scenes/SampleScene_Profiles/PostProcessVolume 1 Profile.asset
  artifactKey: Guid(9a7bf729183c60a4781f9cd1cdfd67e3) Importer(815301076,1909f56bfc062723c751e8b465ee728b)
Start importing Assets/Scenes/SampleScene_Profiles/PostProcessVolume 1 Profile.asset using Guid(9a7bf729183c60a4781f9cd1cdfd67e3) Importer(815301076,1909f56bfc062723c751e8b465ee728b)  -> (artifact id: '9df0f1e3046e528da955a67db91ee37e') in 0.003083 seconds 
  Import took 0.006670 seconds .

AssetImportWorkerClient::OnTransportError - code=2 error=End of file
